# JRE version: Java(TM) SE Runtime Environment (8.0_102-b14) (build 1.8.0_102-b14)
# Java VM: Java HotSpot(TM) 64-Bit Server VM (25.102-b14 mixed mode linux-amd64 compressed oops)
Heap:
 PSYoungGen      total 217088K, used 108544K [0x00000000ec200000, 0x0000000100000000, 0x0000000100000000)
  eden space 108544K, 100% used [0x00000000ec200000,0x00000000f2c00000,0x00000000f2c00000)
  from space 108544K, 0% used [0x00000000f2c00000,0x00000000f2c00000,0x00000000f9600000)
  to   space 108544K, 0% used [0x00000000f9600000,0x00000000f9600000,0x0000000100000000)
 ParOldGen       total 651264K, used 650979K [0x00000000c4600000, 0x00000000ec200000, 0x00000000ec200000)
  object space 651264K, 99% used [0x00000000c4600000,0x00000000ec1b8d60,0x00000000ec200000)
 Metaspace       used 13842K, capacity 14056K, committed 14336K, reserved 1062912K
  class space    used 1668K, capacity 1754K, committed 1792K, reserved 1048576K
GC Heap History (10 events):
Event: 168,936 GC heap before
{Heap before GC invocations=75 (full 56):
 PSYoungGen      total 217088K, used 108544K [0x00000000ec200000, 0x0000000100000000, 0x0000000100000000)
  eden space 108544K, 100% used [0x00000000ec200000,0x00000000f2c00000,0x00000000f2c00000)
  from space 108544K, 0% used [0x00000000f2c00000,0x00000000f2c00000,0x00000000f9600000)
  to   space 108544K, 0% used [0x00000000f9600000,0x00000000f9600000,0x0000000100000000)
 ParOldGen       total 651264K, used 650979K [0x00000000c4600000, 0x00000000ec200000, 0x00000000ec200000)
  object space 651264K, 99% used [0x00000000c4600000,0x00000000ec1b8dd0,0x00000000ec200000)
 Metaspace       used 13838K, capacity 14056K, committed 14336K, reserved 1062912K
  class space    used 1667K, capacity 1754K, committed 1792K, reserved 1048576K
Event: 170,453 GC heap after
Heap after GC invocations=75 (full 56):
 PSYoungGen      total 217088K, used 108421K [0x00000000ec200000, 0x0000000100000000, 0x0000000100000000)
  eden space 108544K, 99% used [0x00000000ec200000,0x00000000f2be1688,0x00000000f2c00000)
  from space 108544K, 0% used [0x00000000f2c00000,0x00000000f2c00000,0x00000000f9600000)
  to   space 108544K, 0% used [0x00000000f9600000,0x00000000f9600000,0x0000000100000000)
 ParOldGen       total 651264K, used 650979K [0x00000000c4600000, 0x00000000ec200000, 0x00000000ec200000)
  object space 651264K, 99% used [0x00000000c4600000,0x00000000ec1b8dd0,0x00000000ec200000)
 Metaspace       used 13838K, capacity 14056K, committed 14336K, reserved 1062912K
  class space    used 1667K, capacity 1754K, committed 1792K, reserved 1048576K
}
Event: 170,468 GC heap before
{Heap before GC invocations=76 (full 57):
 PSYoungGen      total 217088K, used 108544K [0x00000000ec200000, 0x0000000100000000, 0x0000000100000000)
  eden space 108544K, 100% used [0x00000000ec200000,0x00000000f2c00000,0x00000000f2c00000)
  from space 108544K, 0% used [0x00000000f2c00000,0x00000000f2c00000,0x00000000f9600000)
  to   space 108544K, 0% used [0x00000000f9600000,0x00000000f9600000,0x0000000100000000)
 ParOldGen       total 651264K, used 650979K [0x00000000c4600000, 0x00000000ec200000, 0x00000000ec200000)
  object space 651264K, 99% used [0x00000000c4600000,0x00000000ec1b8dd0,0x00000000ec200000)
 Metaspace       used 13838K, capacity 14056K, committed 14336K, reserved 1062912K
  class space    used 1667K, capacity 1754K, committed 1792K, reserved 1048576K
Event: 172,344 GC heap after
Heap after GC invocations=76 (full 57):
 PSYoungGen      total 217088K, used 108421K [0x00000000ec200000, 0x0000000100000000, 0x0000000100000000)
  eden space 108544K, 99% used [0x00000000ec200000,0x00000000f2be16c8,0x00000000f2c00000)
  from space 108544K, 0% used [0x00000000f2c00000,0x00000000f2c00000,0x00000000f9600000)
  to   space 108544K, 0% used [0x00000000f9600000,0x00000000f9600000,0x0000000100000000)
 ParOldGen       total 651264K, used 650979K [0x00000000c4600000, 0x00000000ec200000, 0x00000000ec200000)
  object space 651264K, 99% used [0x00000000c4600000,0x00000000ec1b8dd0,0x00000000ec200000)
 Metaspace       used 13838K, capacity 14056K, committed 14336K, reserved 1062912K
  class space    used 1667K, capacity 1754K, committed 1792K, reserved 1048576K
}
Event: 172,345 GC heap before
{Heap before GC invocations=77 (full 58):
 PSYoungGen      total 217088K, used 108544K [0x00000000ec200000, 0x0000000100000000, 0x0000000100000000)
  eden space 108544K, 100% used [0x00000000ec200000,0x00000000f2c00000,0x00000000f2c00000)
  from space 108544K, 0% used [0x00000000f2c00000,0x00000000f2c00000,0x00000000f9600000)
  to   space 108544K, 0% used [0x00000000f9600000,0x00000000f9600000,0x0000000100000000)
 ParOldGen       total 651264K, used 650979K [0x00000000c4600000, 0x00000000ec200000, 0x00000000ec200000)
  object space 651264K, 99% used [0x00000000c4600000,0x00000000ec1b8dd0,0x00000000ec200000)
 Metaspace       used 13838K, capacity 14056K, committed 14336K, reserved 1062912K
  class space    used 1667K, capacity 1754K, committed 1792K, reserved 1048576K
Event: 173,892 GC heap after
Heap after GC invocations=77 (full 58):
 PSYoungGen      total 217088K, used 108421K [0x00000000ec200000, 0x0000000100000000, 0x0000000100000000)
  eden space 108544K, 99% used [0x00000000ec200000,0x00000000f2be1748,0x00000000f2c00000)
  from space 108544K, 0% used [0x00000000f2c00000,0x00000000f2c00000,0x00000000f9600000)
  to   space 108544K, 0% used [0x00000000f9600000,0x00000000f9600000,0x0000000100000000)
 ParOldGen       total 651264K, used 650979K [0x00000000c4600000, 0x00000000ec200000, 0x00000000ec200000)
  object space 651264K, 99% used [0x00000000c4600000,0x00000000ec1b8dd0,0x00000000ec200000)
 Metaspace       used 13838K, capacity 14056K, committed 14336K, reserved 1062912K
  class space    used 1667K, capacity 1754K, committed 1792K, reserved 1048576K
}
Event: 173,893 GC heap before
{Heap before GC invocations=78 (full 59):
 PSYoungGen      total 217088K, used 108544K [0x00000000ec200000, 0x0000000100000000, 0x0000000100000000)
  eden space 108544K, 100% used [0x00000000ec200000,0x00000000f2c00000,0x00000000f2c00000)
  from space 108544K, 0% used [0x00000000f2c00000,0x00000000f2c00000,0x00000000f9600000)
  to   space 108544K, 0% used [0x00000000f9600000,0x00000000f9600000,0x0000000100000000)
 ParOldGen       total 651264K, used 650979K [0x00000000c4600000, 0x00000000ec200000, 0x00000000ec200000)
  object space 651264K, 99% used [0x00000000c4600000,0x00000000ec1b8dd0,0x00000000ec200000)
 Metaspace       used 13839K, capacity 14056K, committed 14336K, reserved 1062912K
  class space    used 1667K, capacity 1754K, committed 1792K, reserved 1048576K
Event: 176,507 GC heap after
Heap after GC invocations=78 (full 59):
 PSYoungGen      total 217088K, used 108421K [0x00000000ec200000, 0x0000000100000000, 0x0000000100000000)
  eden space 108544K, 99% used [0x00000000ec200000,0x00000000f2be1768,0x00000000f2c00000)
  from space 108544K, 0% used [0x00000000f2c00000,0x00000000f2c00000,0x00000000f9600000)
  to   space 108544K, 0% used [0x00000000f9600000,0x00000000f9600000,0x0000000100000000)
 ParOldGen       total 651264K, used 650979K [0x00000000c4600000, 0x00000000ec200000, 0x00000000ec200000)
  object space 651264K, 99% used [0x00000000c4600000,0x00000000ec1b8d60,0x00000000ec200000)
 Metaspace       used 13839K, capacity 14056K, committed 14336K, reserved 1062912K
  class space    used 1667K, capacity 1754K, committed 1792K, reserved 1048576K
}
Event: 176,507 GC heap before
{Heap before GC invocations=79 (full 60):
 PSYoungGen      total 217088K, used 108544K [0x00000000ec200000, 0x0000000100000000, 0x0000000100000000)
  eden space 108544K, 100% used [0x00000000ec200000,0x00000000f2c00000,0x00000000f2c00000)
  from space 108544K, 0% used [0x00000000f2c00000,0x00000000f2c00000,0x00000000f9600000)
  to   space 108544K, 0% used [0x00000000f9600000,0x00000000f9600000,0x0000000100000000)
 ParOldGen       total 651264K, used 650979K [0x00000000c4600000, 0x00000000ec200000, 0x00000000ec200000)
  object space 651264K, 99% used [0x00000000c4600000,0x00000000ec1b8d60,0x00000000ec200000)
 Metaspace       used 13841K, capacity 14056K, committed 14336K, reserved 1062912K
  class space    used 1668K, capacity 1754K, committed 1792K, reserved 1048576K
Event: 178,169 GC heap after
Heap after GC invocations=79 (full 60):
 PSYoungGen      total 217088K, used 108421K [0x00000000ec200000, 0x0000000100000000, 0x0000000100000000)
  eden space 108544K, 99% used [0x00000000ec200000,0x00000000f2be1718,0x00000000f2c00000)
  from space 108544K, 0% used [0x00000000f2c00000,0x00000000f2c00000,0x00000000f9600000)
  to   space 108544K, 0% used [0x00000000f9600000,0x00000000f9600000,0x0000000100000000)
 ParOldGen       total 651264K, used 650979K [0x00000000c4600000, 0x00000000ec200000, 0x00000000ec200000)
  object space 651264K, 99% used [0x00000000c4600000,0x00000000ec1b8d60,0x00000000ec200000)
 Metaspace       used 13841K, capacity 14056K, committed 14336K, reserved 1062912K
  class space    used 1668K, capacity 1754K, committed 1792K, reserved 1048576K
}

